SF:lib/models/async_quote_repository.dart
DA:12,1
DA:15,1
DA:16,1
DA:17,1
DA:18,1
DA:19,1
DA:20,1
DA:23,1
DA:24,1
DA:25,1
DA:29,1
DA:33,2
DA:35,4
DA:37,2
DA:39,3
DA:40,1
DA:41,1
DA:43,4
DA:47,1
DA:50,1
DA:51,1
DA:54,4
DA:56,2
DA:58,3
DA:60,1
DA:62,1
DA:63,0
DA:64,0
DA:65,0
DA:66,0
DA:67,0
DA:68,0
DA:69,0
DA:70,0
DA:77,4
DA:81,1
DA:85,1
DA:87,1
DA:88,1
DA:90,4
DA:92,2
DA:94,3
DA:96,1
DA:98,1
DA:99,0
DA:103,4
LF:46
LH:37
end_of_record
SF:lib/models/models.dart
DA:5,4
DA:25,0
DA:26,0
DA:27,0
DA:28,0
DA:29,0
DA:30,0
DA:31,0
DA:32,0
DA:33,0
DA:34,0
DA:38,0
DA:39,0
DA:40,0
DA:41,0
DA:42,0
DA:43,0
DA:44,0
DA:45,0
DA:46,0
DA:49,4
DA:51,2
DA:52,2
DA:55,2
DA:56,2
DA:57,2
DA:58,2
DA:62,2
DA:72,0
DA:80,0
DA:88,0
LF:31
LH:9
end_of_record
SF:lib/stores/favorities_store.g.dart
DA:14,2
DA:16,4
DA:17,2
DA:20,2
DA:22,8
DA:23,2
DA:29,2
DA:31,4
DA:32,2
DA:35,2
DA:37,8
DA:38,2
DA:45,2
DA:47,4
DA:50,2
DA:52,4
DA:56,0
DA:59,0
DA:60,0
DA:61,0
LF:20
LH:16
end_of_record
SF:lib/stores/favorities_store.dart
DA:13,4
DA:14,2
DA:15,2
DA:19,2
DA:20,4
DA:21,2
DA:22,2
DA:23,6
DA:24,6
DA:26,2
DA:27,2
DA:28,0
DA:29,0
DA:35,2
DA:36,4
DA:37,6
DA:47,2
DA:49,6
DA:50,6
DA:51,4
DA:53,10
DA:54,12
DA:56,2
LF:23
LH:21
end_of_record
SF:lib/stores/quote_store.dart
DA:13,4
DA:14,2
DA:23,1
DA:25,1
DA:28,1
DA:30,1
LF:6
LH:6
end_of_record
SF:lib/stores/quote_store.g.dart
DA:14,1
DA:16,2
DA:17,1
DA:20,1
DA:22,4
DA:23,1
DA:29,1
DA:31,2
DA:32,1
DA:35,1
DA:37,4
DA:38,1
DA:44,1
DA:47,2
DA:49,1
DA:51,2
DA:55,1
DA:57,2
DA:60,1
DA:62,2
DA:66,0
DA:69,0
DA:70,0
DA:71,0
LF:24
LH:20
end_of_record
SF:lib/widgets/category_card.dart
DA:12,1
DA:19,1
DA:20,1
DA:21,1
DA:27,1
DA:29,1
DA:30,1
DA:31,1
DA:33,1
DA:34,1
DA:35,1
DA:36,1
DA:38,2
DA:40,1
DA:41,1
DA:42,1
DA:47,1
DA:48,2
DA:50,3
DA:52,1
LF:20
LH:20
end_of_record
SF:lib/widgets/icon_tap_button.dart
DA:5,4
DA:8,2
DA:10,2
DA:11,2
LF:4
LH:4
end_of_record
SF:lib/widgets/quote_card.dart
DA:14,1
DA:18,1
DA:21,1
DA:24,1
DA:26,1
DA:27,1
DA:28,1
DA:29,1
DA:31,1
DA:33,1
DA:35,1
DA:36,1
DA:37,1
DA:38,1
DA:39,1
DA:40,3
DA:44,1
DA:50,1
DA:52,1
DA:53,1
DA:54,2
DA:56,1
DA:63,1
DA:64,1
DA:65,1
DA:66,1
DA:67,1
DA:68,1
DA:71,0
DA:72,0
DA:73,0
DA:74,0
DA:75,0
DA:77,0
DA:79,0
DA:86,1
DA:89,1
DA:90,1
DA:93,0
DA:94,0
DA:95,0
DA:98,1
DA:101,1
DA:102,2
DA:103,1
DA:106,1
DA:107,1
DA:112,4
DA:113,1
DA:115,5
DA:117,1
DA:119,5
DA:122,0
DA:123,0
DA:134,0
DA:135,0
DA:136,0
LF:57
LH:42
end_of_record
SF:lib/screens/choose_back.dart
DA:6,0
DA:7,0
DA:10,0
DA:11,0
DA:12,0
DA:13,0
DA:20,0
DA:23,0
DA:25,0
DA:27,0
DA:28,0
DA:29,0
DA:30,0
DA:32,0
DA:33,0
DA:34,0
DA:35,0
DA:36,0
DA:37,0
DA:38,0
DA:40,0
DA:44,0
DA:46,0
DA:47,0
DA:50,0
DA:51,0
DA:52,0
DA:53,0
DA:56,0
DA:58,0
DA:59,0
DA:62,0
DA:63,0
DA:64,0
DA:65,0
DA:68,0
DA:69,0
DA:70,0
LF:38
LH:0
end_of_record
SF:lib/services/decorations.dart
DA:4,0
DA:22,0
DA:31,0
DA:37,0
DA:52,0
DA:61,0
DA:70,0
DA:79,0
DA:85,0
LF:9
LH:0
end_of_record
SF:lib/stores/decoration_store.dart
DA:15,0
DA:16,0
DA:26,0
DA:28,0
DA:29,0
DA:31,0
DA:36,0
DA:38,0
DA:41,0
DA:43,0
DA:61,0
DA:63,0
DA:66,0
DA:68,0
DA:71,0
DA:73,0
LF:16
LH:0
end_of_record
SF:lib/stores/decoration_store.g.dart
DA:15,0
DA:17,0
DA:18,0
DA:21,0
DA:23,0
DA:24,0
DA:25,0
DA:31,0
DA:33,0
DA:34,0
DA:37,0
DA:39,0
DA:40,0
DA:46,0
DA:48,0
DA:49,0
DA:52,0
DA:54,0
DA:55,0
DA:61,0
DA:63,0
DA:64,0
DA:67,0
DA:69,0
DA:70,0
DA:76,0
DA:78,0
DA:79,0
DA:82,0
DA:84,0
DA:85,0
DA:92,0
DA:94,0
DA:97,0
DA:99,0
DA:103,0
DA:105,0
DA:108,0
DA:110,0
DA:114,0
DA:116,0
DA:119,0
DA:121,0
DA:125,0
DA:127,0
DA:130,0
DA:132,0
DA:136,0
DA:138,0
DA:141,0
DA:143,0
DA:147,0
DA:149,0
DA:152,0
DA:154,0
DA:158,0
DA:161,0
DA:162,0
DA:163,0
DA:164,0
DA:165,0
DA:166,0
LF:62
LH:0
end_of_record
SF:lib/screens/choose_font.dart
DA:10,0
DA:11,0
DA:14,0
DA:15,0
DA:16,0
DA:17,0
DA:24,0
DA:27,0
DA:29,0
DA:31,0
DA:32,0
DA:33,0
DA:34,0
DA:36,0
DA:37,0
DA:38,0
DA:39,0
DA:40,0
DA:41,0
DA:44,0
DA:45,0
DA:46,0
DA:47,0
DA:48,0
DA:49,0
DA:50,0
DA:53,0
DA:54,0
DA:61,0
DA:62,0
DA:63,0
DA:66,0
DA:67,0
DA:68,0
DA:69,0
DA:70,0
DA:73,0
DA:74,0
DA:75,0
DA:76,0
DA:77,0
DA:78,0
DA:79,0
DA:81,0
DA:89,0
DA:90,0
DA:91,0
DA:94,0
DA:95,0
DA:96,0
DA:97,0
DA:98,0
DA:101,0
DA:102,0
DA:103,0
DA:104,0
DA:105,0
DA:107,0
DA:108,0
DA:109,0
DA:119,0
DA:120,0
DA:121,0
LF:63
LH:0
end_of_record
SF:lib/screens/favorities.dart
DA:12,0
DA:15,0
DA:17,0
DA:18,0
DA:21,0
DA:22,0
DA:23,0
DA:34,0
DA:37,0
DA:38,0
DA:39,0
DA:42,0
DA:43,0
DA:44,0
LF:14
LH:0
end_of_record
SF:lib/widgets/app_scaffold.dart
DA:9,0
DA:14,0
DA:16,0
DA:17,0
DA:18,0
DA:20,0
DA:21,0
DA:22,0
LF:8
LH:0
end_of_record
SF:lib/screens/first.dart
DA:22,0
DA:23,0
DA:31,0
DA:33,0
DA:34,0
DA:35,0
DA:38,0
DA:41,0
DA:43,0
DA:46,0
DA:47,0
DA:48,0
DA:51,0
DA:52,0
DA:53,0
DA:54,0
DA:55,0
DA:56,0
DA:57,0
DA:60,0
DA:63,0
DA:64,0
DA:65,0
DA:66,0
DA:67,0
DA:68,0
DA:69,0
DA:70,0
DA:71,0
DA:72,0
DA:73,0
DA:74,0
DA:75,0
DA:76,0
DA:85,0
LF:35
LH:0
end_of_record
SF:lib/screens/quotes_list.dart
DA:19,0
DA:20,0
DA:24,0
DA:27,0
DA:28,0
DA:30,0
DA:31,0
DA:33,0
DA:34,0
DA:35,0
DA:38,0
DA:39,0
DA:40,0
DA:41,0
DA:42,0
DA:43,0
DA:44,0
DA:45,0
DA:46,0
DA:47,0
DA:53,0
LF:21
LH:0
end_of_record
SF:lib/widgets/progress_bar_indicator.dart
DA:5,0
DA:7,0
DA:8,0
DA:11,0
DA:12,0
DA:15,0
DA:16,0
LF:7
LH:0
end_of_record
SF:lib/screens/share_quote.dart
DA:32,0
DA:33,0
DA:44,0
DA:46,0
DA:48,0
DA:49,0
DA:53,0
DA:55,0
DA:56,0
DA:60,0
DA:65,0
DA:68,0
DA:69,0
DA:72,0
DA:73,0
DA:74,0
DA:75,0
DA:76,0
DA:77,0
DA:78,0
DA:79,0
DA:81,0
DA:82,0
DA:86,0
DA:89,0
DA:90,0
DA:92,0
DA:93,0
DA:94,0
DA:95,0
DA:96,0
DA:97,0
DA:98,0
DA:99,0
DA:101,0
DA:106,0
DA:107,0
DA:108,0
DA:109,0
DA:110,0
DA:116,0
DA:119,0
DA:121,0
DA:123,0
DA:125,0
DA:128,0
DA:130,0
DA:131,0
DA:133,0
DA:134,0
DA:135,0
DA:136,0
DA:137,0
DA:138,0
DA:139,0
DA:140,0
DA:141,0
DA:142,0
DA:143,0
DA:144,0
DA:146,0
DA:147,0
DA:150,0
DA:151,0
DA:153,0
DA:154,0
DA:155,0
DA:156,0
DA:157,0
DA:158,0
DA:159,0
DA:160,0
DA:161,0
DA:162,0
DA:163,0
DA:164,0
DA:169,0
DA:171,0
DA:172,0
DA:173,0
DA:176,0
DA:177,0
DA:178,0
DA:179,0
DA:180,0
DA:181,0
DA:185,0
DA:194,0
DA:196,0
DA:197,0
DA:202,0
DA:207,0
DA:210,0
DA:213,0
DA:214,0
DA:216,0
DA:217,0
LF:97
LH:0
end_of_record
SF:lib/widgets/sharing_button.dart
DA:5,0
DA:14,0
DA:16,0
DA:17,0
DA:18,0
DA:19,0
DA:21,0
DA:22,0
DA:25,0
DA:26,0
DA:29,0
DA:30,0
DA:31,0
DA:32,0
DA:36,0
DA:37,0
DA:38,0
DA:39,0
DA:47,0
DA:48,0
DA:51,0
DA:54,0
DA:55,0
LF:23
LH:0
end_of_record
SF:lib/services/get_square_sizes.dart
DA:4,0
DA:5,0
DA:6,0
DA:8,0
DA:9,0
LF:5
LH:0
end_of_record
SF:lib/widgets/application_navigation_bar.dart
DA:14,0
DA:15,0
DA:17,0
DA:19,0
DA:27,0
DA:30,0
DA:36,0
DA:38,0
DA:39,0
DA:41,0
DA:42,0
DA:43,0
DA:45,0
DA:48,0
DA:49,0
DA:51,0
DA:54,0
DA:55,0
DA:57,0
DA:60,0
DA:61,0
DA:63,0
DA:67,0
DA:68,0
DA:69,0
DA:70,0
DA:71,0
DA:72,0
DA:76,0
DA:77,0
DA:78,0
DA:79,0
DA:80,0
DA:84,0
DA:85,0
DA:86,0
DA:87,0
DA:88,0
DA:91,0
DA:92,0
DA:93,0
DA:94,0
DA:95,0
DA:99,0
DA:100,0
DA:108,0
DA:110,0
DA:111,0
DA:114,0
DA:116,0
DA:117,0
DA:118,0
LF:52
LH:0
end_of_record
